<?xml version="1.0" encoding="UTF-8"?>
<testsuite name="pacman.ScoreboardTest" tests="5" skipped="0" failures="0" errors="0" timestamp="2019-08-21T08:49:30" hostname="pranays-mbp.hursley.uk.ibm.com" time="0.003">
  <properties/>
  <testcase name="testScoreboardHealth" classname="pacman.ScoreboardTest" time="0.001"/>
  <testcase name="testScoreboardIsZero" classname="pacman.ScoreboardTest" time="0.0"/>
  <testcase name="testScoreboardDisplayFormat" classname="pacman.ScoreboardTest" time="0.0"/>
  <testcase name="testDecrementingHealth" classname="pacman.ScoreboardTest" time="0.001"/>
  <testcase name="testIncrementingScoreboard" classname="pacman.ScoreboardTest" time="0.0"/>
  <system-out><![CDATA[]]></system-out>
  <system-err><![CDATA[]]></system-err>
</testsuite>
