<?xml version="1.0" encoding="UTF-8"?>
<testsuite name="pacman.PacmanTest" tests="1" skipped="0" failures="0" errors="0" timestamp="2019-08-08T14:53:56" hostname="pranays-mbp.hursley.uk.ibm.com" time="0.002">
  <properties/>
  <testcase name="testSum" classname="pacman.PacmanTest" time="0.002"/>
  <system-out><![CDATA[]]></system-out>
  <system-err><![CDATA[]]></system-err>
</testsuite>
